2020-09-10 15:40:20,672:INFO:PyCaret Classification Module
2020-09-10 15:40:20,672:INFO:version 2.1.2
2020-09-10 15:40:20,672:INFO:Initializing setup()
2020-09-10 15:40:20,673:INFO:USI: 8405
2020-09-10 15:40:20,673:INFO:setup(data=(159, 15), target=Death Rate, train_size=0.7, sampling=True, sample_estimator=None, categorical_features=None, categorical_imputation=constant, ordinal_features=None,
                    high_cardinality_features=None, high_cardinality_method=frequency, numeric_features=None, numeric_imputation=mean, date_features=None, ignore_features=None, normalize=False,
                    normalize_method=zscore, transformation=False, transformation_method=yeo-johnson, handle_unknown_categorical=True, unknown_categorical_method=least_frequent, pca=False, pca_method=linear,
                    pca_components=None, ignore_low_variance=False, combine_rare_levels=False, rare_level_threshold=0.1, bin_numeric_features=None, remove_outliers=True, outliers_threshold=0.05,
                    remove_multicollinearity=False, multicollinearity_threshold=0.9, remove_perfect_collinearity=False, create_clusters=False, cluster_iter=20,
                    polynomial_features=False, polynomial_degree=2, trigonometry_features=False, polynomial_threshold=0.1, group_features=None,
                    group_names=None, feature_selection=False, feature_selection_threshold=0.8, feature_interaction=False, feature_ratio=False, interaction_threshold=0.01,
                    fix_imbalance=False, fix_imbalance_method=None, data_split_shuffle=True, folds_shuffle=False, n_jobs=-1, html=True, session_id=1, log_experiment=False,
                    experiment_name=None, log_plots=False, log_profile=False, log_data=False, silent=False, verbose=True, profile=False)
2020-09-10 15:40:20,675:INFO:Checking environment
2020-09-10 15:40:20,675:INFO:python_version: 3.6.10
2020-09-10 15:40:20,675:INFO:python_build: ('default', 'May  7 2020 19:46:08')
2020-09-10 15:40:20,675:INFO:machine: AMD64
2020-09-10 15:40:20,675:INFO:platform: Windows-10-10.0.18362-SP0
2020-09-10 15:40:20,676:WARNING:cannot find psutil installation. memory not traceable. Install psutil using pip to enable memory logging. 
2020-09-10 15:40:20,676:INFO:Checking libraries
2020-09-10 15:40:20,677:INFO:pd==1.0.5
2020-09-10 15:40:20,677:INFO:numpy==1.18.5
2020-09-10 15:40:20,677:INFO:sklearn==0.23.1
2020-09-10 15:40:20,739:INFO:xgboost==1.2.0
2020-09-10 15:40:20,774:INFO:lightgbm==3.0.0
2020-09-10 15:40:20,930:INFO:catboost==0.24.1
2020-09-10 15:40:21,866:INFO:mlflow==1.11.0
2020-09-10 15:40:21,867:INFO:Checking Exceptions
2020-09-10 15:40:21,867:INFO:Preloading libraries
2020-09-10 15:40:21,867:INFO:Preparing display monitor
2020-09-10 15:40:21,882:INFO:Importing libraries
2020-09-10 15:40:23,703:INFO:Declaring global variables
2020-09-10 15:40:23,703:INFO:Copying data for preprocessing
2020-09-10 15:40:23,715:INFO:Declaring preprocessing parameters
2020-09-10 15:40:23,715:INFO:Importing preprocessing module
2020-09-10 15:40:24,453:INFO:Creating preprocessing pipeline
2020-09-10 15:40:37,450:INFO:Preprocessing pipeline created successfully
2020-09-10 15:40:37,451:INFO:Creating grid variables
2020-09-10 15:40:37,452:INFO:Creating global containers
2020-09-10 15:42:36,355:INFO:PyCaret Classification Module
2020-09-10 15:42:36,355:INFO:version 2.1.2
2020-09-10 15:42:36,355:INFO:Initializing setup()
2020-09-10 15:42:36,355:INFO:USI: b558
2020-09-10 15:42:36,355:INFO:setup(data=(159, 15), target=Death Rate, train_size=0.7, sampling=True, sample_estimator=None, categorical_features=None, categorical_imputation=constant, ordinal_features=None,
                    high_cardinality_features=None, high_cardinality_method=frequency, numeric_features=None, numeric_imputation=mean, date_features=None, ignore_features=None, normalize=False,
                    normalize_method=zscore, transformation=False, transformation_method=yeo-johnson, handle_unknown_categorical=True, unknown_categorical_method=least_frequent, pca=False, pca_method=linear,
                    pca_components=None, ignore_low_variance=False, combine_rare_levels=False, rare_level_threshold=0.1, bin_numeric_features=None, remove_outliers=True, outliers_threshold=0.05,
                    remove_multicollinearity=False, multicollinearity_threshold=0.9, remove_perfect_collinearity=False, create_clusters=False, cluster_iter=20,
                    polynomial_features=False, polynomial_degree=2, trigonometry_features=False, polynomial_threshold=0.1, group_features=None,
                    group_names=None, feature_selection=False, feature_selection_threshold=0.8, feature_interaction=False, feature_ratio=False, interaction_threshold=0.01,
                    fix_imbalance=False, fix_imbalance_method=None, data_split_shuffle=True, folds_shuffle=False, n_jobs=-1, html=True, session_id=1, log_experiment=False,
                    experiment_name=None, log_plots=False, log_profile=False, log_data=False, silent=False, verbose=True, profile=False)
2020-09-10 15:42:36,356:INFO:Checking environment
2020-09-10 15:42:36,356:INFO:python_version: 3.6.10
2020-09-10 15:42:36,356:INFO:python_build: ('default', 'May  7 2020 19:46:08')
2020-09-10 15:42:36,356:INFO:machine: AMD64
2020-09-10 15:42:36,356:INFO:platform: Windows-10-10.0.18362-SP0
2020-09-10 15:42:36,356:WARNING:cannot find psutil installation. memory not traceable. Install psutil using pip to enable memory logging. 
2020-09-10 15:42:36,356:INFO:Checking libraries
2020-09-10 15:42:36,356:INFO:pd==1.0.5
2020-09-10 15:42:36,356:INFO:numpy==1.18.5
2020-09-10 15:42:36,356:INFO:sklearn==0.23.1
2020-09-10 15:42:36,356:INFO:xgboost==1.2.0
2020-09-10 15:42:36,356:INFO:lightgbm==3.0.0
2020-09-10 15:42:36,356:INFO:catboost==0.24.1
2020-09-10 15:42:36,356:INFO:mlflow==1.11.0
2020-09-10 15:42:36,356:INFO:Checking Exceptions
2020-09-10 15:42:36,356:INFO:Preloading libraries
2020-09-10 15:42:36,357:INFO:Preparing display monitor
2020-09-10 15:42:36,369:INFO:Importing libraries
2020-09-10 15:42:36,379:INFO:Declaring global variables
2020-09-10 15:42:36,380:INFO:Copying data for preprocessing
2020-09-10 15:42:36,384:INFO:Declaring preprocessing parameters
2020-09-10 15:42:36,385:INFO:Importing preprocessing module
2020-09-10 15:42:36,385:INFO:Creating preprocessing pipeline
2020-09-10 15:42:38,177:INFO:Preprocessing pipeline created successfully
2020-09-10 15:42:38,177:INFO:Creating grid variables
2020-09-10 15:42:38,179:INFO:Creating global containers
2020-09-10 15:56:45,370:INFO:PyCaret Classification Module
2020-09-10 15:56:45,370:INFO:version 2.1.2
2020-09-10 15:56:45,371:INFO:Initializing setup()
2020-09-10 15:56:45,371:INFO:USI: 687f
2020-09-10 15:56:45,371:INFO:setup(data=(159, 15), target=deaths, train_size=0.7, sampling=True, sample_estimator=None, categorical_features=None, categorical_imputation=constant, ordinal_features=None,
                    high_cardinality_features=None, high_cardinality_method=frequency, numeric_features=None, numeric_imputation=mean, date_features=None, ignore_features=None, normalize=False,
                    normalize_method=zscore, transformation=False, transformation_method=yeo-johnson, handle_unknown_categorical=True, unknown_categorical_method=least_frequent, pca=False, pca_method=linear,
                    pca_components=None, ignore_low_variance=False, combine_rare_levels=False, rare_level_threshold=0.1, bin_numeric_features=None, remove_outliers=True, outliers_threshold=0.05,
                    remove_multicollinearity=False, multicollinearity_threshold=0.9, remove_perfect_collinearity=False, create_clusters=False, cluster_iter=20,
                    polynomial_features=False, polynomial_degree=2, trigonometry_features=False, polynomial_threshold=0.1, group_features=None,
                    group_names=None, feature_selection=False, feature_selection_threshold=0.8, feature_interaction=False, feature_ratio=False, interaction_threshold=0.01,
                    fix_imbalance=False, fix_imbalance_method=None, data_split_shuffle=True, folds_shuffle=False, n_jobs=-1, html=True, session_id=1, log_experiment=False,
                    experiment_name=None, log_plots=False, log_profile=False, log_data=False, silent=False, verbose=True, profile=False)
2020-09-10 15:56:45,372:INFO:Checking environment
2020-09-10 15:56:45,372:INFO:python_version: 3.6.10
2020-09-10 15:56:45,372:INFO:python_build: ('default', 'May  7 2020 19:46:08')
2020-09-10 15:56:45,372:INFO:machine: AMD64
2020-09-10 15:56:45,372:INFO:platform: Windows-10-10.0.18362-SP0
2020-09-10 15:56:45,373:WARNING:cannot find psutil installation. memory not traceable. Install psutil using pip to enable memory logging. 
2020-09-10 15:56:45,373:INFO:Checking libraries
2020-09-10 15:56:45,374:INFO:pd==1.0.5
2020-09-10 15:56:45,374:INFO:numpy==1.18.5
2020-09-10 15:56:45,374:INFO:sklearn==0.23.1
2020-09-10 15:56:45,374:INFO:xgboost==1.2.0
2020-09-10 15:56:45,374:INFO:lightgbm==3.0.0
2020-09-10 15:56:45,374:INFO:catboost==0.24.1
2020-09-10 15:56:45,374:INFO:mlflow==1.11.0
2020-09-10 15:56:45,375:INFO:Checking Exceptions
2020-09-10 15:56:45,375:INFO:Preloading libraries
2020-09-10 15:56:45,375:INFO:Preparing display monitor
2020-09-10 15:56:45,388:INFO:Importing libraries
2020-09-10 15:56:45,398:INFO:Declaring global variables
2020-09-10 15:56:45,398:INFO:Copying data for preprocessing
2020-09-10 15:56:45,404:INFO:Declaring preprocessing parameters
2020-09-10 15:56:45,404:INFO:Importing preprocessing module
2020-09-10 15:56:45,405:INFO:Creating preprocessing pipeline
2020-09-10 15:56:47,221:INFO:Preprocessing pipeline created successfully
2020-09-10 15:56:47,222:INFO:Creating grid variables
2020-09-10 15:56:47,224:INFO:Creating global containers
